#
# There is insufficient memory for the Java Runtime Environment to continue.
# Native memory allocation (malloc) failed to allocate 32744 bytes for ChunkPool::allocate
# Possible reasons:
#   The system is out of physical RAM or swap space
#   The process is running with CompressedOops enabled, and the Java Heap may be blocking the growth of the native heap
# Possible solutions:
#   Reduce memory load on the system
#   Increase physical memory or swap space
#   Check if swap backing store is full
#   Decrease Java heap size (-Xmx/-Xms)
#   Decrease number of Java threads
#   Decrease Java thread stack sizes (-Xss)
#   Set larger code cache with -XX:ReservedCodeCacheSize=
#   JVM is running with Unscaled Compressed Oops mode in which the Java heap is
#     placed in the first 4GB address space. The Java Heap base address is the
#     maximum limit for the native heap growth. Please use -XX:HeapBaseMinAddress
#     to set the Java Heap base and to place the Java Heap above 4GB virtual address.
# This output file may be truncated or incomplete.
#
#  Out of Memory Error (allocation.cpp:272), pid=25924, tid=0x000000000000575c
#
# JRE version: OpenJDK Runtime Environment (8.0_362-b08) (build 1.8.0_362-b08)
# Java VM: OpenJDK 64-Bit Server VM (25.362-b08 mixed mode windows-amd64 compressed oops)
# Failed to write core dump. Minidumps are not enabled by default on client versions of Windows
#

---------------  T H R E A D  ---------------

Current thread (0x000002504d034800):  JavaThread "C2 CompilerThread0" daemon [_thread_in_native, id=22364, stack(0x000000e7fc400000,0x000000e7fc500000)]

Stack: [0x000000e7fc400000,0x000000e7fc500000]
[error occurred during error reporting (printing stack bounds), id 0xc0000005]

Native frames: (J=compiled Java code, j=interpreted, Vv=VM code, C=native code)


Current CompileTask:
C2:   4837 1905   !   4       java.net.URLClassLoader$1::run (81 bytes)


---------------  P R O C E S S  ---------------

Java Threads: ( => current thread )
  0x000002504d10a000 JavaThread "Service Thread" daemon [_thread_blocked, id=7260, stack(0x000000e7fc800000,0x000000e7fc900000)]
  0x000002504d09e000 JavaThread "C1 CompilerThread3" daemon [_thread_blocked, id=10744, stack(0x000000e7fc700000,0x000000e7fc800000)]
  0x000002504d066000 JavaThread "C2 CompilerThread2" daemon [_thread_blocked, id=21056, stack(0x000000e7fc600000,0x000000e7fc700000)]
  0x000002504d03b000 JavaThread "C2 CompilerThread1" daemon [_thread_in_native, id=20604, stack(0x000000e7fc500000,0x000000e7fc600000)]
=>0x000002504d034800 JavaThread "C2 CompilerThread0" daemon [_thread_in_native, id=22364, stack(0x000000e7fc400000,0x000000e7fc500000)]
  0x000002504d02e800 JavaThread "Monitor Ctrl-Break" daemon [_thread_in_native, id=13076, stack(0x000000e7fc300000,0x000000e7fc400000)]
  0x000002504b3ee000 JavaThread "Attach Listener" daemon [_thread_blocked, id=12144, stack(0x000000e7fc200000,0x000000e7fc300000)]
  0x000002504b3ed800 JavaThread "Signal Dispatcher" daemon [_thread_blocked, id=30264, stack(0x000000e7fc100000,0x000000e7fc200000)]
  0x0000025034d69800 JavaThread "Finalizer" daemon [_thread_blocked, id=26488, stack(0x000000e7fc000000,0x000000e7fc100000)]
  0x000002504b387800 JavaThread "Reference Handler" daemon [_thread_blocked, id=14168, stack(0x000000e7fbf00000,0x000000e7fc000000)]
  0x0000025034cdd000 JavaThread "main" [_thread_in_vm, id=4756, stack(0x000000e7fb500000,0x000000e7fb600000)]

Other Threads:
  0x000002504b35f000 VMThread [stack: 0x000000e7fbe00000,0x000000e7fbf00000] [id=18596]
  0x000002504d169000 WatcherThread [stack: 0x000000e7fc900000,0x000000e7fca00000] [id=25528]

VM state:not at safepoint (normal execution)

VM Mutex/Monitor currently owned by a thread: None

heap address: 0x0000000082600000, size: 2010 MB, Compressed Oops mode: 32-bit
Narrow klass base: 0x0000000000000000, Narrow klass shift: 3
Compressed class space size: 1073741824 Address: 0x0000000100000000

Heap:
 PSYoungGen      total 37888K, used 37085K [0x00000000d6200000, 0x00000000d8c00000, 0x0000000100000000)
  eden space 32768K, 99% used [0x00000000d6200000,0x00000000d81eca08,0x00000000d8200000)
  from space 5120K, 85% used [0x00000000d8200000,0x00000000d864ad98,0x00000000d8700000)
  to   space 5120K, 0% used [0x00000000d8700000,0x00000000d8700000,0x00000000d8c00000)
 ParOldGen       total 58880K, used 7638K [0x0000000082600000, 0x0000000085f80000, 0x00000000d6200000)
  object space 58880K, 12% used [0x0000000082600000,0x0000000082d75a70,0x0000000085f80000)
 Metaspace       used 24810K, capacity 26568K, committed 26624K, reserved 1073152K
  class space    used 3238K, capacity 3572K, committed 3584K, reserved 1048576K

Card table byte_map: [0x0000025045ec0000,0x00000250462b0000] byte_map_base: 0x0000025045aad000

Marking Bits: (ParMarkBitMap*) 0x0000000063206830
 Begin Bits: [0x0000025046550000, 0x00000250484b8000)
 End Bits:   [0x00000250484b8000, 0x000002504a420000)

Polling page: 0x0000025034e90000

CodeCache: size=245760Kb used=7200Kb max_used=7200Kb free=238559Kb
 bounds [0x0000025036b00000, 0x0000025037210000, 0x0000025045b00000]
 total_blobs=2483 nmethods=2107 adapters=288
 compilation: enabled

Compilation events (10 events):
Event: 4.821 Thread 0x000002504d09e000 nmethod 2105 0x0000025037203590 code [0x00000250372036e0, 0x00000250372037f8]
Event: 4.823 Thread 0x000002504d066000 nmethod 2101 0x0000025037206750 code [0x00000250372068a0, 0x0000025037206b38]
Event: 4.823 Thread 0x000002504d09e000 2106       3       org.springframework.context.annotation.ConfigurationClassParser$SourceClass::<init> (49 bytes)
Event: 4.824 Thread 0x000002504d09e000 nmethod 2106 0x0000025037204e10 code [0x0000025037205040, 0x0000025037205d90]
Event: 4.824 Thread 0x000002504d09e000 2107       3       java.net.URLClassLoader::definePackage (272 bytes)
Event: 4.828 Thread 0x000002504d09e000 nmethod 2107 0x0000025037206dd0 code [0x0000025037207260, 0x000002503720a120]
Event: 4.829 Thread 0x000002504d09e000 2108       3       java.net.URL::<init> (7 bytes)
Event: 4.830 Thread 0x000002504d09e000 nmethod 2108 0x00000250372049d0 code [0x0000025037204b40, 0x0000025037204d50]
Event: 4.830 Thread 0x000002504d09e000 2109       3       java.io.FilterInputStream::read (11 bytes)
Event: 4.830 Thread 0x000002504d09e000 nmethod 2109 0x0000025037204550 code [0x00000250372046c0, 0x00000250372048f0]

GC Heap History (10 events):
Event: 2.807 GC heap before
{Heap before GC invocations=2 (full 0):
 PSYoungGen      total 37888K, used 37740K [0x00000000d6200000, 0x00000000d8c00000, 0x0000000100000000)
  eden space 32768K, 100% used [0x00000000d6200000,0x00000000d8200000,0x00000000d8200000)
  from space 5120K, 97% used [0x00000000d8200000,0x00000000d86db3c8,0x00000000d8700000)
  to   space 5120K, 0% used [0x00000000d8700000,0x00000000d8700000,0x00000000d8c00000)
 ParOldGen       total 86016K, used 16K [0x0000000082600000, 0x0000000087a00000, 0x00000000d6200000)
  object space 86016K, 0% used [0x0000000082600000,0x0000000082604000,0x0000000087a00000)
 Metaspace       used 13190K, capacity 14324K, committed 14464K, reserved 1062912K
  class space    used 1670K, capacity 1900K, committed 1920K, reserved 1048576K
Event: 2.814 GC heap after
Heap after GC invocations=2 (full 0):
 PSYoungGen      total 37888K, used 5113K [0x00000000d6200000, 0x00000000d8c00000, 0x0000000100000000)
  eden space 32768K, 0% used [0x00000000d6200000,0x00000000d6200000,0x00000000d8200000)
  from space 5120K, 99% used [0x00000000d8700000,0x00000000d8bfe6b8,0x00000000d8c00000)
  to   space 5120K, 0% used [0x00000000d8200000,0x00000000d8200000,0x00000000d8700000)
 ParOldGen       total 86016K, used 824K [0x0000000082600000, 0x0000000087a00000, 0x00000000d6200000)
  object space 86016K, 0% used [0x0000000082600000,0x00000000826ce348,0x0000000087a00000)
 Metaspace       used 13190K, capacity 14324K, committed 14464K, reserved 1062912K
  class space    used 1670K, capacity 1900K, committed 1920K, reserved 1048576K
}
Event: 3.313 GC heap before
{Heap before GC invocations=3 (full 0):
 PSYoungGen      total 37888K, used 37881K [0x00000000d6200000, 0x00000000d8c00000, 0x0000000100000000)
  eden space 32768K, 100% used [0x00000000d6200000,0x00000000d8200000,0x00000000d8200000)
  from space 5120K, 99% used [0x00000000d8700000,0x00000000d8bfe6b8,0x00000000d8c00000)
  to   space 5120K, 0% used [0x00000000d8200000,0x00000000d8200000,0x00000000d8700000)
 ParOldGen       total 86016K, used 824K [0x0000000082600000, 0x0000000087a00000, 0x00000000d6200000)
  object space 86016K, 0% used [0x0000000082600000,0x00000000826ce348,0x0000000087a00000)
 Metaspace       used 16308K, capacity 17744K, committed 17792K, reserved 1064960K
  class space    used 2110K, capacity 2386K, committed 2432K, reserved 1048576K
Event: 3.320 GC heap after
Heap after GC invocations=3 (full 0):
 PSYoungGen      total 37888K, used 5102K [0x00000000d6200000, 0x00000000d8c00000, 0x0000000100000000)
  eden space 32768K, 0% used [0x00000000d6200000,0x00000000d6200000,0x00000000d8200000)
  from space 5120K, 99% used [0x00000000d8200000,0x00000000d86fbba0,0x00000000d8700000)
  to   space 5120K, 0% used [0x00000000d8700000,0x00000000d8700000,0x00000000d8c00000)
 ParOldGen       total 86016K, used 2452K [0x0000000082600000, 0x0000000087a00000, 0x00000000d6200000)
  object space 86016K, 2% used [0x0000000082600000,0x0000000082865050,0x0000000087a00000)
 Metaspace       used 16308K, capacity 17744K, committed 17792K, reserved 1064960K
  class space    used 2110K, capacity 2386K, committed 2432K, reserved 1048576K
}
Event: 3.770 GC heap before
{Heap before GC invocations=4 (full 0):
 PSYoungGen      total 37888K, used 33314K [0x00000000d6200000, 0x00000000d8c00000, 0x0000000100000000)
  eden space 32768K, 86% used [0x00000000d6200000,0x00000000d7d8ce48,0x00000000d8200000)
  from space 5120K, 99% used [0x00000000d8200000,0x00000000d86fbba0,0x00000000d8700000)
  to   space 5120K, 0% used [0x00000000d8700000,0x00000000d8700000,0x00000000d8c00000)
 ParOldGen       total 86016K, used 2452K [0x0000000082600000, 0x0000000087a00000, 0x00000000d6200000)
  object space 86016K, 2% used [0x0000000082600000,0x0000000082865050,0x0000000087a00000)
 Metaspace       used 19626K, capacity 21174K, committed 21296K, reserved 1067008K
  class space    used 2553K, capacity 2841K, committed 2944K, reserved 1048576K
Event: 3.780 GC heap after
Heap after GC invocations=4 (full 0):
 PSYoungGen      total 37888K, used 5106K [0x00000000d6200000, 0x00000000d8c00000, 0x0000000100000000)
  eden space 32768K, 0% used [0x00000000d6200000,0x00000000d6200000,0x00000000d8200000)
  from space 5120K, 99% used [0x00000000d8700000,0x00000000d8bfca18,0x00000000d8c00000)
  to   space 5120K, 0% used [0x00000000d8200000,0x00000000d8200000,0x00000000d8700000)
 ParOldGen       total 86016K, used 5103K [0x0000000082600000, 0x0000000087a00000, 0x00000000d6200000)
  object space 86016K, 5% used [0x0000000082600000,0x0000000082afbd08,0x0000000087a00000)
 Metaspace       used 19626K, capacity 21174K, committed 21296K, reserved 1067008K
  class space    used 2553K, capacity 2841K, committed 2944K, reserved 1048576K
}
Event: 3.780 GC heap before
{Heap before GC invocations=5 (full 1):
 PSYoungGen      total 37888K, used 5106K [0x00000000d6200000, 0x00000000d8c00000, 0x0000000100000000)
  eden space 32768K, 0% used [0x00000000d6200000,0x00000000d6200000,0x00000000d8200000)
  from space 5120K, 99% used [0x00000000d8700000,0x00000000d8bfca18,0x00000000d8c00000)
  to   space 5120K, 0% used [0x00000000d8200000,0x00000000d8200000,0x00000000d8700000)
 ParOldGen       total 86016K, used 5103K [0x0000000082600000, 0x0000000087a00000, 0x00000000d6200000)
  object space 86016K, 5% used [0x0000000082600000,0x0000000082afbd08,0x0000000087a00000)
 Metaspace       used 19626K, capacity 21174K, committed 21296K, reserved 1067008K
  class space    used 2553K, capacity 2841K, committed 2944K, reserved 1048576K
Event: 3.820 GC heap after
Heap after GC invocations=5 (full 1):
 PSYoungGen      total 37888K, used 0K [0x00000000d6200000, 0x00000000d8c00000, 0x0000000100000000)
  eden space 32768K, 0% used [0x00000000d6200000,0x00000000d6200000,0x00000000d8200000)
  from space 5120K, 0% used [0x00000000d8700000,0x00000000d8700000,0x00000000d8c00000)
  to   space 5120K, 0% used [0x00000000d8200000,0x00000000d8200000,0x00000000d8700000)
 ParOldGen       total 58880K, used 7630K [0x0000000082600000, 0x0000000085f80000, 0x00000000d6200000)
  object space 58880K, 12% used [0x0000000082600000,0x0000000082d73a70,0x0000000085f80000)
 Metaspace       used 19626K, capacity 21174K, committed 21296K, reserved 1067008K
  class space    used 2553K, capacity 2841K, committed 2944K, reserved 1048576K
}
Event: 4.160 GC heap before
{Heap before GC invocations=6 (full 1):
 PSYoungGen      total 37888K, used 32768K [0x00000000d6200000, 0x00000000d8c00000, 0x0000000100000000)
  eden space 32768K, 100% used [0x00000000d6200000,0x00000000d8200000,0x00000000d8200000)
  from space 5120K, 0% used [0x00000000d8700000,0x00000000d8700000,0x00000000d8c00000)
  to   space 5120K, 0% used [0x00000000d8200000,0x00000000d8200000,0x00000000d8700000)
 ParOldGen       total 58880K, used 7630K [0x0000000082600000, 0x0000000085f80000, 0x00000000d6200000)
  object space 58880K, 12% used [0x0000000082600000,0x0000000082d73a70,0x0000000085f80000)
 Metaspace       used 23053K, capacity 24688K, committed 24832K, reserved 1071104K
  class space    used 3011K, capacity 3320K, committed 3328K, reserved 1048576K
Event: 4.166 GC heap after
Heap after GC invocations=6 (full 1):
 PSYoungGen      total 37888K, used 4395K [0x00000000d6200000, 0x00000000d8c00000, 0x0000000100000000)
  eden space 32768K, 0% used [0x00000000d6200000,0x00000000d6200000,0x00000000d8200000)
  from space 5120K, 85% used [0x00000000d8200000,0x00000000d864ad98,0x00000000d8700000)
  to   space 5120K, 0% used [0x00000000d8700000,0x00000000d8700000,0x00000000d8c00000)
 ParOldGen       total 58880K, used 7638K [0x0000000082600000, 0x0000000085f80000, 0x00000000d6200000)
  object space 58880K, 12% used [0x0000000082600000,0x0000000082d75a70,0x0000000085f80000)
 Metaspace       used 23053K, capacity 24688K, committed 24832K, reserved 1071104K
  class space    used 3011K, capacity 3320K, committed 3328K, reserved 1048576K
}

Deoptimization events (10 events):
Event: 3.372 Thread 0x0000025034cdd000 Uncommon trap: reason=unstable_if action=reinterpret pc=0x0000025036d3ec80 method=java.util.HashMap.hash(Ljava/lang/Object;)I @ 1
Event: 3.647 Thread 0x0000025034cdd000 Uncommon trap: reason=unstable_if action=reinterpret pc=0x0000025036fa839c method=java.net.URL.<init>(Ljava/net/URL;Ljava/lang/String;Ljava/net/URLStreamHandler;)V @ 347
Event: 3.761 Thread 0x0000025034cdd000 Uncommon trap: reason=unstable_if action=reinterpret pc=0x0000025036cfdf90 method=sun.nio.cs.UTF_8$Encoder.encode([CII[B)I @ 33
Event: 4.221 Thread 0x000002504fd8b800 Uncommon trap: reason=unstable_if action=reinterpret pc=0x0000025036df1654 method=jdk.internal.org.objectweb.asm.Type.getArgumentsAndReturnSizes(Ljava/lang/String;)I @ 47
Event: 4.596 Thread 0x0000025034cdd000 Uncommon trap: reason=bimorphic action=maybe_recompile pc=0x0000025036f46d78 method=java.util.HashMap.putVal(ILjava/lang/Object;Ljava/lang/Object;ZZ)Ljava/lang/Object; @ 203
Event: 4.629 Thread 0x0000025034cdd000 Uncommon trap: reason=bimorphic action=maybe_recompile pc=0x0000025036f46d78 method=java.util.HashMap.putVal(ILjava/lang/Object;Ljava/lang/Object;ZZ)Ljava/lang/Object; @ 203
Event: 4.705 Thread 0x0000025034cdd000 Uncommon trap: reason=bimorphic action=maybe_recompile pc=0x0000025036f46d78 method=java.util.HashMap.putVal(ILjava/lang/Object;Ljava/lang/Object;ZZ)Ljava/lang/Object; @ 203
Event: 4.759 Thread 0x0000025034cdd000 Uncommon trap: reason=bimorphic action=maybe_recompile pc=0x0000025036f46d78 method=java.util.HashMap.putVal(ILjava/lang/Object;Ljava/lang/Object;ZZ)Ljava/lang/Object; @ 203
Event: 4.783 Thread 0x0000025034cdd000 Uncommon trap: reason=unstable_if action=reinterpret pc=0x0000025037099ee8 method=org.springframework.boot.context.properties.source.ConfigurationPropertyName$ElementsParser.add(IILorg/springframework/boot/context/properties/source/ConfigurationPropertyNa
Event: 4.823 Thread 0x0000025034cdd000 Uncommon trap: reason=predicate action=maybe_recompile pc=0x0000025037206ad0 method=java.util.AbstractCollection.toArray([Ljava/lang/Object;)[Ljava/lang/Object; @ 49

Classes redefined (0 events):
No events

Internal exceptions (10 events):
Event: 4.044 Thread 0x0000025034cdd000 Exception <a 'java/lang/ClassNotFoundException': org/springframework/context/ApplicationStartupAwareCustomizer> (0x00000000d77c3d50) thrown at [C:\wsjdk\Corretto8Src\installers\windows\zip\corretto-build\buildRoot\hotspot\src\share\vm\classfile\systemDict
Event: 4.045 Thread 0x0000025034cdd000 Exception <a 'java/lang/ClassNotFoundException': org/springframework/beans/factory/AwareCustomizer> (0x00000000d77ddde8) thrown at [C:\wsjdk\Corretto8Src\installers\windows\zip\corretto-build\buildRoot\hotspot\src\share\vm\classfile\systemDictionary.cpp, 
Event: 4.046 Thread 0x0000025034cdd000 Exception <a 'java/lang/ClassNotFoundException': org/springframework/beans/factory/BeanClassLoaderAwareCustomizer> (0x00000000d77fb818) thrown at [C:\wsjdk\Corretto8Src\installers\windows\zip\corretto-build\buildRoot\hotspot\src\share\vm\classfile\systemD
Event: 4.046 Thread 0x0000025034cdd000 Exception <a 'java/lang/ClassNotFoundException': org/springframework/beans/factory/AwareCustomizer> (0x00000000d789b880) thrown at [C:\wsjdk\Corretto8Src\installers\windows\zip\corretto-build\buildRoot\hotspot\src\share\vm\classfile\systemDictionary.cpp, 
Event: 4.047 Thread 0x0000025034cdd000 Exception <a 'java/lang/ClassNotFoundException': org/springframework/context/EnvironmentAwareCustomizer> (0x00000000d78b5d18) thrown at [C:\wsjdk\Corretto8Src\installers\windows\zip\corretto-build\buildRoot\hotspot\src\share\vm\classfile\systemDictionary.
Event: 4.050 Thread 0x0000025034cdd000 Exception <a 'java/lang/ClassNotFoundException': org/springframework/beans/factory/AwareCustomizer> (0x00000000d78cf820) thrown at [C:\wsjdk\Corretto8Src\installers\windows\zip\corretto-build\buildRoot\hotspot\src\share\vm\classfile\systemDictionary.cpp, 
Event: 4.226 Thread 0x000002504fd8b800 Exception <a 'java/lang/IncompatibleClassChangeError': Found class java.lang.Object, but interface was expected> (0x00000000d66e5410) thrown at [C:\wsjdk\Corretto8Src\installers\windows\zip\corretto-build\buildRoot\hotspot\src\share\vm\interpreter\linkRes
Event: 4.375 Thread 0x0000025034cdd000 Exception <a 'java/lang/IncompatibleClassChangeError': Found class java.lang.Object, but interface was expected> (0x00000000d73ed3e0) thrown at [C:\wsjdk\Corretto8Src\installers\windows\zip\corretto-build\buildRoot\hotspot\src\share\vm\interpreter\linkRes
Event: 4.492 Thread 0x0000025034cdd000 Exception <a 'java/lang/NoSuchMethodError': java.lang.Object.lambda$getAllAnnotationAttributes$0(Lorg/springframework/util/MultiValueMap;)Lorg/springframework/util/MultiValueMap;> (0x00000000d7617d18) thrown at [C:\wsjdk\Corretto8Src\installers\windows\zi
Event: 4.492 Thread 0x0000025034cdd000 Exception <a 'java/lang/NoSuchMethodError': java.lang.Object.lambda$identity$2(Ljava/lang/Object;)Ljava/lang/Object;> (0x00000000d761ba18) thrown at [C:\wsjdk\Corretto8Src\installers\windows\zip\corretto-build\buildRoot\hotspot\src\share\vm\interpreter\li

Events (10 events):
Event: 4.824 loading class org/springframework/boot/autoconfigure/condition/AnyNestedCondition
Event: 4.824 loading class org/springframework/boot/autoconfigure/condition/AnyNestedCondition done
Event: 4.825 loading class org/springframework/boot/autoconfigure/condition/AbstractNestedCondition
Event: 4.825 loading class org/springframework/boot/autoconfigure/condition/AbstractNestedCondition done
Event: 4.826 loading class org/springframework/boot/autoconfigure/condition/AbstractNestedCondition$MemberConditions
Event: 4.826 loading class org/springframework/boot/autoconfigure/condition/AbstractNestedCondition$MemberConditions done
Event: 4.829 loading class org/springframework/boot/autoconfigure/jdbc/DataSourceAutoConfiguration$PooledDataSourceAvailableCondition
Event: 4.829 loading class org/springframework/boot/autoconfigure/jdbc/DataSourceAutoConfiguration$PooledDataSourceAvailableCondition done
Event: 4.830 loading class org/springframework/boot/autoconfigure/condition/AbstractNestedCondition$MemberMatchOutcomes
Event: 4.830 loading class org/springframework/boot/autoconfigure/condition/AbstractNestedCondition$MemberMatchOutcomes done


Dynamic libraries:
0x00007ff7a9b70000 - 0x00007ff7a9baa000 	C:\Users\‰¿¡§\.jdks\corretto-1.8.0_362\bin\java.exe
0x00007fff3e380000 - 0x00007fff3e56e000 	C:\Windows\SYSTEM32\ntdll.dll
0x00007fff3d390000 - 0x00007fff3d443000 	C:\Windows\System32\KERNEL32.DLL
0x00007fff3b0c0000 - 0x00007fff3b35c000 	C:\Windows\System32\KERNELBASE.dll
0x00007fff3dac0000 - 0x00007fff3db67000 	C:\Windows\System32\ADVAPI32.dll
0x00007fff3da20000 - 0x00007fff3dabe000 	C:\Windows\System32\msvcrt.dll
0x00007fff3b8c0000 - 0x00007fff3b95f000 	C:\Windows\System32\sechost.dll
0x00007fff3b6f0000 - 0x00007fff3b80d000 	C:\Windows\System32\RPCRT4.dll
0x00007fff3d1f0000 - 0x00007fff3d388000 	C:\Windows\System32\USER32.dll
0x00007fff3acc0000 - 0x00007fff3ace0000 	C:\Windows\System32\win32u.dll
0x00007fff3dbe0000 - 0x00007fff3dc09000 	C:\Windows\System32\GDI32.dll
0x00007fff3af20000 - 0x00007fff3b0c0000 	C:\Windows\System32\gdi32full.dll
0x00007fff3ae80000 - 0x00007fff3af20000 	C:\Windows\System32\msvcp_win.dll
0x00007fff3abc0000 - 0x00007fff3acba000 	C:\Windows\System32\ucrtbase.dll
0x00007fff1dfd0000 - 0x00007fff1e249000 	C:\Windows\WinSxS\amd64_microsoft.windows.common-controls_6595b64144ccf1df_6.0.17763.4131_none_de70d21e534b9adf\COMCTL32.dll
0x00007fff3d5d0000 - 0x00007fff3d8fc000 	C:\Windows\System32\combase.dll
0x00007fff3adf0000 - 0x00007fff3ae72000 	C:\Windows\System32\bcryptPrimitives.dll
0x00007fff3d980000 - 0x00007fff3d9ae000 	C:\Windows\System32\IMM32.DLL
0x00007ffefb740000 - 0x00007ffefb82f000 	C:\Users\‰¿¡§\.jdks\corretto-1.8.0_362\jre\bin\msvcr120.dll
0x00007ffeffb80000 - 0x00007ffeffc26000 	C:\Users\‰¿¡§\.jdks\corretto-1.8.0_362\jre\bin\msvcp120.dll
0x0000000062a10000 - 0x0000000063285000 	C:\Users\‰¿¡§\.jdks\corretto-1.8.0_362\jre\bin\server\jvm.dll
0x00007fff3b680000 - 0x00007fff3b688000 	C:\Windows\System32\PSAPI.DLL
0x00007fff2a0a0000 - 0x00007fff2a0aa000 	C:\Windows\SYSTEM32\VERSION.dll
0x00007fff34fc0000 - 0x00007fff34fe4000 	C:\Windows\SYSTEM32\WINMM.dll
0x00007fff23250000 - 0x00007fff23259000 	C:\Windows\SYSTEM32\WSOCK32.dll
0x00007fff3d9b0000 - 0x00007fff3da1d000 	C:\Windows\System32\WS2_32.dll
0x00007fff34b40000 - 0x00007fff34b6d000 	C:\Windows\SYSTEM32\WINMMBASE.dll
0x00007fff3b560000 - 0x00007fff3b5aa000 	C:\Windows\System32\cfgmgr32.dll
0x00007fff30b00000 - 0x00007fff30b0f000 	C:\Users\‰¿¡§\.jdks\corretto-1.8.0_362\jre\bin\verify.dll
0x00007fff04940000 - 0x00007fff04969000 	C:\Users\‰¿¡§\.jdks\corretto-1.8.0_362\jre\bin\java.dll
0x00007fff2be50000 - 0x00007fff2be7a000 	C:\Users\‰¿¡§\.jdks\corretto-1.8.0_362\jre\bin\instrument.dll
0x00007fff18d30000 - 0x00007fff18d46000 	C:\Users\‰¿¡§\.jdks\corretto-1.8.0_362\jre\bin\zip.dll
0x00007fff3bbc0000 - 0x00007fff3d0b8000 	C:\Windows\System32\SHELL32.dll
0x00007fff3e2a0000 - 0x00007fff3e347000 	C:\Windows\System32\shcore.dll
0x00007fff3a420000 - 0x00007fff3ab69000 	C:\Windows\System32\windows.storage.dll
0x00007fff3a390000 - 0x00007fff3a3b3000 	C:\Windows\System32\profapi.dll
0x00007fff3a3c0000 - 0x00007fff3a41d000 	C:\Windows\System32\powrprof.dll
0x00007fff3b690000 - 0x00007fff3b6e2000 	C:\Windows\System32\shlwapi.dll
0x00007fff3a350000 - 0x00007fff3a361000 	C:\Windows\System32\kernel.appcore.dll
0x00007fff3aba0000 - 0x00007fff3abbb000 	C:\Windows\System32\cryptsp.dll
0x00007fff2c180000 - 0x00007fff2c19a000 	E:\IntelliJ IDEA 2022.2.3\bin\breakgen64.dll
0x00007fff17600000 - 0x00007fff1761a000 	C:\Users\‰¿¡§\.jdks\corretto-1.8.0_362\jre\bin\net.dll
0x00007fff39ba0000 - 0x00007fff39c07000 	C:\Windows\system32\mswsock.dll
0x00007fff171c0000 - 0x00007fff171d2000 	C:\Users\‰¿¡§\.jdks\corretto-1.8.0_362\jre\bin\nio.dll
0x00007fff351e0000 - 0x00007fff351ed000 	C:\Users\‰¿¡§\.jdks\corretto-1.8.0_362\jre\bin\management.dll
0x00007fff02790000 - 0x00007fff027a6000 	C:\Windows\system32\napinsp.dll
0x00007fff02770000 - 0x00007fff0278a000 	C:\Windows\system32\pnrpnsp.dll
0x00007fff33710000 - 0x00007fff3372b000 	C:\Windows\system32\NLAapi.dll
0x00007fff398b0000 - 0x00007fff398ed000 	C:\Windows\SYSTEM32\IPHLPAPI.DLL
0x00007fff398f0000 - 0x00007fff399b6000 	C:\Windows\SYSTEM32\DNSAPI.dll
0x00007fff3db70000 - 0x00007fff3db78000 	C:\Windows\System32\NSI.dll
0x00007fff02810000 - 0x00007fff0281e000 	C:\Windows\System32\winrnr.dll
0x00007fff2f5b0000 - 0x00007fff2f5c5000 	C:\Windows\system32\wshbth.dll
0x00007fff27200000 - 0x00007fff2720a000 	C:\Windows\System32\rasadhlp.dll
0x00007fff29b90000 - 0x00007fff29c09000 	C:\Windows\System32\fwpuclnt.dll
0x00007fff3ab70000 - 0x00007fff3ab96000 	C:\Windows\System32\bcrypt.dll

VM Arguments:
jvm_args: -ea -Didea.test.cyclic.buffer.size=1048576 -javaagent:E:\IntelliJ IDEA 2022.2.3\lib\idea_rt.jar=9324:E:\IntelliJ IDEA 2022.2.3\bin -Dfile.encoding=UTF-8 
java_command: com.intellij.rt.junit.JUnitStarter -ideVersion5 -junit5 com.example.uml_work.EquipmentTest,selectAllTest
java_class_path (initial): C:\Users\‰¿¡§\.m2\repository\org\junit\platform\junit-platform-launcher\1.8.2\junit-platform-launcher-1.8.2.jar;C:\Users\‰¿¡§\.m2\repository\org\junit\platform\junit-platform-engine\1.8.2\junit-platform-engine-1.8.2.jar;C:\Users\‰¿¡§\.m2\repository\org\opentest4j\opentest4j\1.2.0\opentest4j-1.2.0.jar;C:\Users\‰¿¡§\.m2\repository\org\junit\platform\junit-platform-commons\1.8.2\junit-platform-commons-1.8.2.jar;C:\Users\‰¿¡§\.m2\repository\org\apiguardian\apiguardian-api\1.1.2\apiguardian-api-1.1.2.jar;E:\IntelliJ IDEA 2022.2.3\lib\idea_rt.jar;E:\IntelliJ IDEA 2022.2.3\plugins\junit\lib\junit5-rt.jar;E:\IntelliJ IDEA 2022.2.3\plugins\junit\lib\junit-rt.jar;C:\Users\‰¿¡§\.jdks\corretto-1.8.0_362\jre\lib\charsets.jar;C:\Users\‰¿¡§\.jdks\corretto-1.8.0_362\jre\lib\ext\access-bridge-64.jar;C:\Users\‰¿¡§\.jdks\corretto-1.8.0_362\jre\lib\ext\cldrdata.jar;C:\Users\‰¿¡§\.jdks\corretto-1.8.0_362\jre\lib\ext\dnsns.jar;C:\Users\‰¿¡§\.jdks\corretto-1.8.0_362\jre\lib\ext\jaccess.jar;C:\Users\‰¿¡§\.jdks\corretto-1.8.0_362\jre\lib\ext\jfxrt.jar;C:\Users\‰¿¡§\.jdks\corretto-1.8.0_362\jre\lib\ext\localedata.jar;C:\Users\‰¿¡§\.jdks\corretto-1.8.0_362\jre\lib\ext\nashorn.jar;C:\Users\‰¿¡§\.jdks\corretto-1.8.0_362\jre\lib\ext\sunec.jar;C:\Users\‰¿¡§\.jdks\corretto-1.8.0_362\jre\lib\ext\sunjce_provider.jar;C:\Users\‰¿¡§\.jdks\corretto-1.8.0_362\jre\lib\ext\sunmscapi.jar;C:\Users\‰¿¡§\.jdks\corretto-1.8.0_362\jre\lib\ext\sunpkcs11.jar;C:\Users\‰¿¡§\.jdks\corretto-1.8.0_362\jre\lib\ext\zipfs.jar;C:\Users\‰¿¡§\.jdks\corretto-1.8.0_362\jre\lib\jce.jar;C:\Users\‰¿¡§\.jdks\corretto-1.8.0_362\jre\lib\jfr.jar;C:\Users\‰¿¡§\.jdks\corretto-1.8.0_362\jre\lib\jfxswt.jar;C:\Users\‰¿¡§\.jdks\corretto-1.8.0_362\jre\lib\jsse.jar;C:\Users\‰¿¡§\.jdks\corretto-1.8.0_362\jre\lib\management-agent.jar;C:\Users\‰¿¡§\.jdks\corretto-1.8.0_362\jre\lib\resources.jar;C:\Users\‰¿¡§\.jdks\corretto-1.8.0_362\jre\lib\rt.jar;E:\IdeaProjects\uml_work\target\test-classes;E:\IdeaProjects\uml_work
Launcher Type: SUN_STANDARD

Environment Variables:
JAVA_HOME=E:\Java\jdk19
CLASSPATH=.;E:\Java\jdk19\lib\dt.jar;E:\Java\jdk19\lib\tools.jar
PATH=D:\py_path\Scripts\;D:\py_path\;C:\Windows\system32\config\systemprofile\AppData\Local\Microsoft\WindowsApps;C:\Users\‰¿¡§\AppData\Roaming\npm;D:\lua\lua_cov\bin;%IntelliJ IDEA Community Edition%;C:\Program Files\Azure Data Studio\bin;E:\Microsoft VS Code\bin;%CLion%;%MAVEN_HOME%\bin;E:\Java\jdk19\bin;C:\Windows\System32;E:\apache-tomcat-9.0.73\lib;E:\apache-tomcat-9.0.73\lib\servlet-api.jar;E:\apache-tomcat-9.0.73\lib\jsp-api.jar;D:\py_path\Scripts\;D:\py_path\;C:\Users\‰¿¡§\AppData\Local\Microsoft\WindowsApps;D:\lua\lua_cov\bin;E:\JetBrains\IntelliJ IDEA Community Edition 2022.2.1\bin;;C:\Program Files\Azure Data Studio\bin;E:\Microsoft VS Code\bin;E:\clion\CLion 2022.2.4\bin;;E:\apache-maven-3.6.1\bin;
USERNAME=‰¿¡§
OS=Windows_NT
PROCESSOR_IDENTIFIER=Intel64 Family 6 Model 142 Stepping 12, GenuineIntel



---------------  S Y S T E M  ---------------

OS: Windows 10 , 64 bit Build 17763 (10.0.17763.4131)

CPU:total 8 (initial active 8) (4 cores per cpu, 2 threads per core) family 6 model 142 stepping 12, cmov, cx8, fxsr, mmx, sse, sse2, sse3, ssse3, sse4.1, sse4.2, popcnt, avx, avx2, aes, clmul, erms, 3dnowpref, lzcnt, ht, tsc, tscinvbit, bmi1, bmi2, adx

Memory: 4k page, physical 8230644k(466748k free), swap 18716400k(3500k free)

vm_info: OpenJDK 64-Bit Server VM (25.362-b08) for windows-amd64 JRE (1.8.0_362-b08), built on Jan 13 2023 13:30:12 by "Administrator" with MS VC++ 12.0 (VS2013)

time: Thu Apr 06 20:46:27 2023
timezone: ÷–π˙±Í◊º ±º‰
elapsed time: 4.845227 seconds (0d 0h 0m 4s)

