#
# There is insufficient memory for the Java Runtime Environment to continue.
# Native memory allocation (malloc) failed to allocate 1052480 bytes for Chunk::new
# Possible reasons:
#   The system is out of physical RAM or swap space
#   The process is running with CompressedOops enabled, and the Java Heap may be blocking the growth of the native heap
# Possible solutions:
#   Reduce memory load on the system
#   Increase physical memory or swap space
#   Check if swap backing store is full
#   Decrease Java heap size (-Xmx/-Xms)
#   Decrease number of Java threads
#   Decrease Java thread stack sizes (-Xss)
#   Set larger code cache with -XX:ReservedCodeCacheSize=
#   JVM is running with Unscaled Compressed Oops mode in which the Java heap is
#     placed in the first 4GB address space. The Java Heap base address is the
#     maximum limit for the native heap growth. Please use -XX:HeapBaseMinAddress
#     to set the Java Heap base and to place the Java Heap above 4GB virtual address.
# This output file may be truncated or incomplete.
#
#  Out of Memory Error (allocation.cpp:389), pid=3028, tid=0x000000000000513c
#
# JRE version: OpenJDK Runtime Environment (8.0_362-b08) (build 1.8.0_362-b08)
# Java VM: OpenJDK 64-Bit Server VM (25.362-b08 mixed mode windows-amd64 compressed oops)
# Failed to write core dump. Minidumps are not enabled by default on client versions of Windows
#

---------------  T H R E A D  ---------------

Current thread (0x00000234c9530000):  JavaThread "C2 CompilerThread2" daemon [_thread_in_native, id=20796, stack(0x0000007ee9900000,0x0000007ee9a00000)]

Stack: [0x0000007ee9900000,0x0000007ee9a00000]
[error occurred during error reporting (printing stack bounds), id 0xc0000005]

Native frames: (J=compiled Java code, j=interpreted, Vv=VM code, C=native code)


Current CompileTask:
C2:   3048 1432       4       sun.misc.URLClassPath::getResource (83 bytes)


---------------  P R O C E S S  ---------------

Java Threads: ( => current thread )
  0x00000234c78ce000 JavaThread "Service Thread" daemon [_thread_blocked, id=12460, stack(0x0000007ee9b00000,0x0000007ee9c00000)]
  0x00000234c953a800 JavaThread "C1 CompilerThread3" daemon [_thread_blocked, id=16332, stack(0x0000007ee9a00000,0x0000007ee9b00000)]
=>0x00000234c9530000 JavaThread "C2 CompilerThread2" daemon [_thread_in_native, id=20796, stack(0x0000007ee9900000,0x0000007ee9a00000)]
  0x00000234c952c000 JavaThread "C2 CompilerThread1" daemon [_thread_in_native, id=15944, stack(0x0000007ee9800000,0x0000007ee9900000)]
  0x00000234c9528800 JavaThread "C2 CompilerThread0" daemon [_thread_in_native, id=16084, stack(0x0000007ee9700000,0x0000007ee9800000)]
  0x00000234c9524800 JavaThread "Monitor Ctrl-Break" daemon [_thread_in_native, id=9144, stack(0x0000007ee9600000,0x0000007ee9700000)]
  0x00000234c94c3800 JavaThread "Attach Listener" daemon [_thread_blocked, id=19960, stack(0x0000007ee9500000,0x0000007ee9600000)]
  0x00000234c7894000 JavaThread "Signal Dispatcher" daemon [_thread_blocked, id=19476, stack(0x0000007ee9400000,0x0000007ee9500000)]
  0x00000234c785d000 JavaThread "Finalizer" daemon [_thread_blocked, id=2964, stack(0x0000007ee9300000,0x0000007ee9400000)]
  0x00000234c784e000 JavaThread "Reference Handler" daemon [_thread_blocked, id=23476, stack(0x0000007ee9200000,0x0000007ee9300000)]
  0x00000234b119f000 JavaThread "main" [_thread_in_vm, id=12772, stack(0x0000007ee8800000,0x0000007ee8900000)]

Other Threads:
  0x00000234b1239800 VMThread [stack: 0x0000007ee9100000,0x0000007ee9200000] [id=16452]
  0x00000234c95e1800 WatcherThread [stack: 0x0000007ee9c00000,0x0000007ee9d00000] [id=10408]

VM state:not at safepoint (normal execution)

VM Mutex/Monitor currently owned by a thread: None

heap address: 0x0000000082600000, size: 2010 MB, Compressed Oops mode: 32-bit
Narrow klass base: 0x0000000000000000, Narrow klass shift: 3
Compressed class space size: 1073741824 Address: 0x0000000100000000

Heap:
 PSYoungGen      total 37888K, used 14363K [0x00000000d6200000, 0x00000000d8c00000, 0x0000000100000000)
  eden space 32768K, 28% used [0x00000000d6200000,0x00000000d6b0ac18,0x00000000d8200000)
  from space 5120K, 99% used [0x00000000d8200000,0x00000000d86fc118,0x00000000d8700000)
  to   space 5120K, 0% used [0x00000000d8700000,0x00000000d8700000,0x00000000d8c00000)
 ParOldGen       total 86016K, used 2468K [0x0000000082600000, 0x0000000087a00000, 0x00000000d6200000)
  object space 86016K, 2% used [0x0000000082600000,0x0000000082869168,0x0000000087a00000)
 Metaspace       used 17255K, capacity 18726K, committed 18944K, reserved 1064960K
  class space    used 2253K, capacity 2549K, committed 2560K, reserved 1048576K

Card table byte_map: [0x00000234c2270000,0x00000234c2660000] byte_map_base: 0x00000234c1e5d000

Marking Bits: (ParMarkBitMap*) 0x0000000063206830
 Begin Bits: [0x00000234c2900000, 0x00000234c4868000)
 End Bits:   [0x00000234c4868000, 0x00000234c67d0000)

Polling page: 0x00000234b1390000

CodeCache: size=245760Kb used=5461Kb max_used=5461Kb free=240299Kb
 bounds [0x00000234b2eb0000, 0x00000234b3410000, 0x00000234c1eb0000]
 total_blobs=1952 nmethods=1590 adapters=274
 compilation: enabled

Compilation events (10 events):
Event: 3.039 Thread 0x00000234c953a800 1592       3       java.util.LinkedHashMap::keySet (25 bytes)
Event: 3.039 Thread 0x00000234c953a800 nmethod 1592 0x00000234b3404fd0 code [0x00000234b3405140, 0x00000234b34054d8]
Event: 3.039 Thread 0x00000234c953a800 1595       1       java.util.Collections::emptyIterator (4 bytes)
Event: 3.039 Thread 0x00000234c953a800 nmethod 1595 0x00000234b3405650 code [0x00000234b34057a0, 0x00000234b3405898]
Event: 3.039 Thread 0x00000234c953a800 1593       3       java.util.LinkedHashMap$LinkedKeySet::iterator (12 bytes)
Event: 3.040 Thread 0x00000234c953a800 nmethod 1593 0x00000234b3405910 code [0x00000234b3405a80, 0x00000234b3405d98]
Event: 3.040 Thread 0x00000234c953a800 1594       3       java.util.LinkedHashMap$LinkedKeyIterator::<init> (11 bytes)
Event: 3.040 Thread 0x00000234c953a800 nmethod 1594 0x00000234b3405f10 code [0x00000234b3406080, 0x00000234b34062f8]
Event: 3.044 Thread 0x00000234c953a800 1596       1       java.lang.StackTraceElement::getClassName (5 bytes)
Event: 3.044 Thread 0x00000234c953a800 nmethod 1596 0x00000234b3406410 code [0x00000234b3406560, 0x00000234b3406678]

GC Heap History (6 events):
Event: 1.278 GC heap before
{Heap before GC invocations=1 (full 0):
 PSYoungGen      total 37888K, used 32768K [0x00000000d6200000, 0x00000000d8c00000, 0x0000000100000000)
  eden space 32768K, 100% used [0x00000000d6200000,0x00000000d8200000,0x00000000d8200000)
  from space 5120K, 0% used [0x00000000d8700000,0x00000000d8700000,0x00000000d8c00000)
  to   space 5120K, 0% used [0x00000000d8200000,0x00000000d8200000,0x00000000d8700000)
 ParOldGen       total 86016K, used 0K [0x0000000082600000, 0x0000000087a00000, 0x00000000d6200000)
  object space 86016K, 0% used [0x0000000082600000,0x0000000082600000,0x0000000087a00000)
 Metaspace       used 9267K, capacity 10240K, committed 10368K, reserved 1058816K
  class space    used 1195K, capacity 1385K, committed 1408K, reserved 1048576K
Event: 1.287 GC heap after
Heap after GC invocations=1 (full 0):
 PSYoungGen      total 37888K, used 4838K [0x00000000d6200000, 0x00000000d8c00000, 0x0000000100000000)
  eden space 32768K, 0% used [0x00000000d6200000,0x00000000d6200000,0x00000000d8200000)
  from space 5120K, 94% used [0x00000000d8200000,0x00000000d86b9b60,0x00000000d8700000)
  to   space 5120K, 0% used [0x00000000d8700000,0x00000000d8700000,0x00000000d8c00000)
 ParOldGen       total 86016K, used 16K [0x0000000082600000, 0x0000000087a00000, 0x00000000d6200000)
  object space 86016K, 0% used [0x0000000082600000,0x0000000082604000,0x0000000087a00000)
 Metaspace       used 9267K, capacity 10240K, committed 10368K, reserved 1058816K
  class space    used 1195K, capacity 1385K, committed 1408K, reserved 1048576K
}
Event: 2.029 GC heap before
{Heap before GC invocations=2 (full 0):
 PSYoungGen      total 37888K, used 37606K [0x00000000d6200000, 0x00000000d8c00000, 0x0000000100000000)
  eden space 32768K, 100% used [0x00000000d6200000,0x00000000d8200000,0x00000000d8200000)
  from space 5120K, 94% used [0x00000000d8200000,0x00000000d86b9b60,0x00000000d8700000)
  to   space 5120K, 0% used [0x00000000d8700000,0x00000000d8700000,0x00000000d8c00000)
 ParOldGen       total 86016K, used 16K [0x0000000082600000, 0x0000000087a00000, 0x00000000d6200000)
  object space 86016K, 0% used [0x0000000082600000,0x0000000082604000,0x0000000087a00000)
 Metaspace       used 13174K, capacity 14256K, committed 14464K, reserved 1062912K
  class space    used 1670K, capacity 1900K, committed 1920K, reserved 1048576K
Event: 2.038 GC heap after
Heap after GC invocations=2 (full 0):
 PSYoungGen      total 37888K, used 5099K [0x00000000d6200000, 0x00000000d8c00000, 0x0000000100000000)
  eden space 32768K, 0% used [0x00000000d6200000,0x00000000d6200000,0x00000000d8200000)
  from space 5120K, 99% used [0x00000000d8700000,0x00000000d8bfad50,0x00000000d8c00000)
  to   space 5120K, 0% used [0x00000000d8200000,0x00000000d8200000,0x00000000d8700000)
 ParOldGen       total 86016K, used 911K [0x0000000082600000, 0x0000000087a00000, 0x00000000d6200000)
  object space 86016K, 1% used [0x0000000082600000,0x00000000826e3ea0,0x0000000087a00000)
 Metaspace       used 13174K, capacity 14256K, committed 14464K, reserved 1062912K
  class space    used 1670K, capacity 1900K, committed 1920K, reserved 1048576K
}
Event: 2.763 GC heap before
{Heap before GC invocations=3 (full 0):
 PSYoungGen      total 37888K, used 37867K [0x00000000d6200000, 0x00000000d8c00000, 0x0000000100000000)
  eden space 32768K, 100% used [0x00000000d6200000,0x00000000d8200000,0x00000000d8200000)
  from space 5120K, 99% used [0x00000000d8700000,0x00000000d8bfad50,0x00000000d8c00000)
  to   space 5120K, 0% used [0x00000000d8200000,0x00000000d8200000,0x00000000d8700000)
 ParOldGen       total 86016K, used 911K [0x0000000082600000, 0x0000000087a00000, 0x00000000d6200000)
  object space 86016K, 1% used [0x0000000082600000,0x00000000826e3ea0,0x0000000087a00000)
 Metaspace       used 16293K, capacity 17678K, committed 17792K, reserved 1064960K
  class space    used 2108K, capacity 2385K, committed 2432K, reserved 1048576K
Event: 2.771 GC heap after
Heap after GC invocations=3 (full 0):
 PSYoungGen      total 37888K, used 5104K [0x00000000d6200000, 0x00000000d8c00000, 0x0000000100000000)
  eden space 32768K, 0% used [0x00000000d6200000,0x00000000d6200000,0x00000000d8200000)
  from space 5120K, 99% used [0x00000000d8200000,0x00000000d86fc118,0x00000000d8700000)
  to   space 5120K, 0% used [0x00000000d8700000,0x00000000d8700000,0x00000000d8c00000)
 ParOldGen       total 86016K, used 2468K [0x0000000082600000, 0x0000000087a00000, 0x00000000d6200000)
  object space 86016K, 2% used [0x0000000082600000,0x0000000082869168,0x0000000087a00000)
 Metaspace       used 16293K, capacity 17678K, committed 17792K, reserved 1064960K
  class space    used 2108K, capacity 2385K, committed 2432K, reserved 1048576K
}

Deoptimization events (10 events):
Event: 1.399 Thread 0x00000234b119f000 Uncommon trap: reason=unstable_if action=reinterpret pc=0x00000234b311c3c8 method=sun.misc.MetaIndex.mayContain(Ljava/lang/String;)Z @ 38
Event: 1.560 Thread 0x00000234b119f000 Uncommon trap: reason=class_check action=maybe_recompile pc=0x00000234b304cd68 method=java.lang.String.equals(Ljava/lang/Object;)Z @ 8
Event: 1.566 Thread 0x00000234b119f000 Uncommon trap: reason=class_check action=maybe_recompile pc=0x00000234b304cd68 method=java.lang.String.equals(Ljava/lang/Object;)Z @ 8
Event: 1.566 Thread 0x00000234b119f000 Uncommon trap: reason=class_check action=maybe_recompile pc=0x00000234b304cd68 method=java.lang.String.equals(Ljava/lang/Object;)Z @ 8
Event: 1.572 Thread 0x00000234b119f000 Uncommon trap: reason=class_check action=maybe_recompile pc=0x00000234b304cd68 method=java.lang.String.equals(Ljava/lang/Object;)Z @ 8
Event: 1.806 Thread 0x00000234b119f000 Uncommon trap: reason=unstable_if action=reinterpret pc=0x00000234b3195388 method=java.io.WinNTFileSystem.normalize(Ljava/lang/String;)Ljava/lang/String; @ 128
Event: 2.006 Thread 0x00000234b119f000 Uncommon trap: reason=unstable_if action=reinterpret pc=0x00000234b30fdf70 method=sun.reflect.generics.parser.SignatureParser.current()C @ 39
Event: 2.240 Thread 0x00000234b119f000 Uncommon trap: reason=unstable_if action=reinterpret pc=0x00000234b3325ac4 method=java.util.jar.Manifest$FastInputStream.readLine([BII)I @ 87
Event: 2.503 Thread 0x00000234b119f000 Uncommon trap: reason=unstable_if action=reinterpret pc=0x00000234b329b988 method=java.util.HashMap.putVal(ILjava/lang/Object;Ljava/lang/Object;ZZ)Ljava/lang/Object; @ 236
Event: 2.852 Thread 0x00000234b119f000 Uncommon trap: reason=unstable_if action=reinterpret pc=0x00000234b30ef340 method=java.util.HashMap.hash(Ljava/lang/Object;)I @ 1

Classes redefined (0 events):
No events

Internal exceptions (10 events):
Event: 2.374 Thread 0x00000234b119f000 Exception <a 'java/lang/NoSuchMethodError': java.lang.Object.fromSpringFactories(Ljava/lang/ClassLoader;)Lorg/springframework/boot/env/EnvironmentPostProcessorsFactory;> (0x00000000d7263348) thrown at [C:\wsjdk\Corretto8Src\installers\windows\zip\corretto
Event: 2.476 Thread 0x00000234b119f000 Exception <a 'java/lang/NoSuchMethodError': java.lang.Object.lambda$fromSpringFactories$0(Ljava/lang/ClassLoader;)Ljava/util/List;> (0x00000000d7701288) thrown at [C:\wsjdk\Corretto8Src\installers\windows\zip\corretto-build\buildRoot\hotspot\src\share\vm\
Event: 2.512 Thread 0x00000234b119f000 Exception <a 'java/lang/IncompatibleClassChangeError': Found class java.lang.Object, but interface was expected> (0x00000000d78af9a0) thrown at [C:\wsjdk\Corretto8Src\installers\windows\zip\corretto-build\buildRoot\hotspot\src\share\vm\interpreter\linkRes
Event: 2.534 Thread 0x00000234b119f000 Exception <a 'java/io/FileNotFoundException'> (0x00000000d799a578) thrown at [C:\wsjdk\Corretto8Src\installers\windows\zip\corretto-build\buildRoot\hotspot\src\share\vm\prims\jni.cpp, line 709]
Event: 2.556 Thread 0x00000234b119f000 Exception <a 'java/lang/IncompatibleClassChangeError': Found class java.lang.Object, but interface was expected> (0x00000000d7a30160) thrown at [C:\wsjdk\Corretto8Src\installers\windows\zip\corretto-build\buildRoot\hotspot\src\share\vm\interpreter\linkRes
Event: 2.607 Thread 0x00000234b119f000 Exception <a 'java/lang/NoSuchMethodError': java.lang.Object.lambda$or$2(Ljava/util/function/BiPredicate;Ljava/lang/Object;Ljava/lang/Object;)Z> (0x00000000d7c248d8) thrown at [C:\wsjdk\Corretto8Src\installers\windows\zip\corretto-build\buildRoot\hotspot\
Event: 2.611 Thread 0x00000234b119f000 Exception <a 'java/lang/NoSuchMethodError': java.lang.Object.lambda$chars$0()Ljava/util/Spliterator$OfInt;> (0x00000000d7c3b000) thrown at [C:\wsjdk\Corretto8Src\installers\windows\zip\corretto-build\buildRoot\hotspot\src\share\vm\interpreter\linkResolver
Event: 2.725 Thread 0x00000234b119f000 Exception <a 'java/lang/NoSuchMethodError': java.lang.Object.lambda$from$1(Ljava/util/function/Supplier;Lorg/springframework/boot/BootstrapContext;)Ljava/lang/Object;> (0x00000000d809ba38) thrown at [C:\wsjdk\Corretto8Src\installers\windows\zip\corretto-b
Event: 2.852 Thread 0x00000234b119f000 Implicit null exception at 0x00000234b30ef155 to 0x00000234b30ef331
Event: 2.943 Thread 0x00000234b119f000 Exception <a 'java/lang/NoSuchMethodError': java.lang.Object.lambda$comparingByKey$6d558cbf$1(Ljava/util/Comparator;Ljava/util/Map$Entry;Ljava/util/Map$Entry;)I> (0x00000000d67adf08) thrown at [C:\wsjdk\Corretto8Src\installers\windows\zip\corretto-build\b

Events (10 events):
Event: 3.034 loading class org/springframework/boot/context/config/ConfigDataEnvironmentContributor
Event: 3.034 loading class org/springframework/boot/context/config/ConfigDataEnvironmentContributor done
Event: 3.040 loading class org/springframework/boot/context/properties/source/ConfigurationPropertySource
Event: 3.040 loading class org/springframework/boot/context/properties/source/ConfigurationPropertySource done
Event: 3.040 loading class org/springframework/boot/context/properties/source/ConfigurationPropertyName
Event: 3.040 loading class org/springframework/boot/context/properties/source/ConfigurationPropertyName done
Event: 3.040 loading class org/springframework/boot/context/properties/source/ConfigurationPropertySource
Event: 3.040 loading class org/springframework/boot/context/properties/source/ConfigurationPropertySource done
Event: 3.044 loading class reactor/tools/agent/ReactorDebugAgent
Event: 3.044 loading class reactor/tools/agent/ReactorDebugAgent done


Dynamic libraries:
0x00007ff7a9b70000 - 0x00007ff7a9baa000 	C:\Users\‰¿¡§\.jdks\corretto-1.8.0_362\bin\java.exe
0x00007fff3e380000 - 0x00007fff3e56e000 	C:\Windows\SYSTEM32\ntdll.dll
0x00007fff3d390000 - 0x00007fff3d443000 	C:\Windows\System32\KERNEL32.DLL
0x00007fff3b0c0000 - 0x00007fff3b35c000 	C:\Windows\System32\KERNELBASE.dll
0x00007fff3dac0000 - 0x00007fff3db67000 	C:\Windows\System32\ADVAPI32.dll
0x00007fff3da20000 - 0x00007fff3dabe000 	C:\Windows\System32\msvcrt.dll
0x00007fff3b8c0000 - 0x00007fff3b95f000 	C:\Windows\System32\sechost.dll
0x00007fff3b6f0000 - 0x00007fff3b80d000 	C:\Windows\System32\RPCRT4.dll
0x00007fff3d1f0000 - 0x00007fff3d388000 	C:\Windows\System32\USER32.dll
0x00007fff3acc0000 - 0x00007fff3ace0000 	C:\Windows\System32\win32u.dll
0x00007fff3dbe0000 - 0x00007fff3dc09000 	C:\Windows\System32\GDI32.dll
0x00007fff3af20000 - 0x00007fff3b0c0000 	C:\Windows\System32\gdi32full.dll
0x00007fff3ae80000 - 0x00007fff3af20000 	C:\Windows\System32\msvcp_win.dll
0x00007fff3abc0000 - 0x00007fff3acba000 	C:\Windows\System32\ucrtbase.dll
0x00007fff1dfd0000 - 0x00007fff1e249000 	C:\Windows\WinSxS\amd64_microsoft.windows.common-controls_6595b64144ccf1df_6.0.17763.4131_none_de70d21e534b9adf\COMCTL32.dll
0x00007fff3d5d0000 - 0x00007fff3d8fc000 	C:\Windows\System32\combase.dll
0x00007fff3adf0000 - 0x00007fff3ae72000 	C:\Windows\System32\bcryptPrimitives.dll
0x00007fff3d980000 - 0x00007fff3d9ae000 	C:\Windows\System32\IMM32.DLL
0x00007ffefb740000 - 0x00007ffefb82f000 	C:\Users\‰¿¡§\.jdks\corretto-1.8.0_362\jre\bin\msvcr120.dll
0x00007ffeffb80000 - 0x00007ffeffc26000 	C:\Users\‰¿¡§\.jdks\corretto-1.8.0_362\jre\bin\msvcp120.dll
0x0000000062a10000 - 0x0000000063285000 	C:\Users\‰¿¡§\.jdks\corretto-1.8.0_362\jre\bin\server\jvm.dll
0x00007fff3b680000 - 0x00007fff3b688000 	C:\Windows\System32\PSAPI.DLL
0x00007fff2a0a0000 - 0x00007fff2a0aa000 	C:\Windows\SYSTEM32\VERSION.dll
0x00007fff23250000 - 0x00007fff23259000 	C:\Windows\SYSTEM32\WSOCK32.dll
0x00007fff34fc0000 - 0x00007fff34fe4000 	C:\Windows\SYSTEM32\WINMM.dll
0x00007fff3d9b0000 - 0x00007fff3da1d000 	C:\Windows\System32\WS2_32.dll
0x00007fff34b40000 - 0x00007fff34b6d000 	C:\Windows\SYSTEM32\WINMMBASE.dll
0x00007fff3b560000 - 0x00007fff3b5aa000 	C:\Windows\System32\cfgmgr32.dll
0x00007fff30b00000 - 0x00007fff30b0f000 	C:\Users\‰¿¡§\.jdks\corretto-1.8.0_362\jre\bin\verify.dll
0x00007fff04940000 - 0x00007fff04969000 	C:\Users\‰¿¡§\.jdks\corretto-1.8.0_362\jre\bin\java.dll
0x00007fff2be50000 - 0x00007fff2be7a000 	C:\Users\‰¿¡§\.jdks\corretto-1.8.0_362\jre\bin\instrument.dll
0x00007fff18d30000 - 0x00007fff18d46000 	C:\Users\‰¿¡§\.jdks\corretto-1.8.0_362\jre\bin\zip.dll
0x00007fff3bbc0000 - 0x00007fff3d0b8000 	C:\Windows\System32\SHELL32.dll
0x00007fff3e2a0000 - 0x00007fff3e347000 	C:\Windows\System32\shcore.dll
0x00007fff3a420000 - 0x00007fff3ab69000 	C:\Windows\System32\windows.storage.dll
0x00007fff3a390000 - 0x00007fff3a3b3000 	C:\Windows\System32\profapi.dll
0x00007fff3a3c0000 - 0x00007fff3a41d000 	C:\Windows\System32\powrprof.dll
0x00007fff3b690000 - 0x00007fff3b6e2000 	C:\Windows\System32\shlwapi.dll
0x00007fff3a350000 - 0x00007fff3a361000 	C:\Windows\System32\kernel.appcore.dll
0x00007fff3aba0000 - 0x00007fff3abbb000 	C:\Windows\System32\cryptsp.dll
0x00007fff2c180000 - 0x00007fff2c19a000 	E:\IntelliJ IDEA 2022.2.3\bin\breakgen64.dll
0x00007fff17600000 - 0x00007fff1761a000 	C:\Users\‰¿¡§\.jdks\corretto-1.8.0_362\jre\bin\net.dll
0x00007fff39ba0000 - 0x00007fff39c07000 	C:\Windows\system32\mswsock.dll
0x00007fff171c0000 - 0x00007fff171d2000 	C:\Users\‰¿¡§\.jdks\corretto-1.8.0_362\jre\bin\nio.dll

VM Arguments:
jvm_args: -ea -Didea.test.cyclic.buffer.size=1048576 -javaagent:E:\IntelliJ IDEA 2022.2.3\lib\idea_rt.jar=9313:E:\IntelliJ IDEA 2022.2.3\bin -Dfile.encoding=UTF-8 
java_command: com.intellij.rt.junit.JUnitStarter -ideVersion5 -junit5 com.example.uml_work.EquipmentTest,selectAllTest
java_class_path (initial): C:\Users\‰¿¡§\.m2\repository\org\junit\platform\junit-platform-launcher\1.8.2\junit-platform-launcher-1.8.2.jar;C:\Users\‰¿¡§\.m2\repository\org\junit\platform\junit-platform-engine\1.8.2\junit-platform-engine-1.8.2.jar;C:\Users\‰¿¡§\.m2\repository\org\opentest4j\opentest4j\1.2.0\opentest4j-1.2.0.jar;C:\Users\‰¿¡§\.m2\repository\org\junit\platform\junit-platform-commons\1.8.2\junit-platform-commons-1.8.2.jar;C:\Users\‰¿¡§\.m2\repository\org\apiguardian\apiguardian-api\1.1.2\apiguardian-api-1.1.2.jar;E:\IntelliJ IDEA 2022.2.3\lib\idea_rt.jar;E:\IntelliJ IDEA 2022.2.3\plugins\junit\lib\junit5-rt.jar;E:\IntelliJ IDEA 2022.2.3\plugins\junit\lib\junit-rt.jar;C:\Users\‰¿¡§\.jdks\corretto-1.8.0_362\jre\lib\charsets.jar;C:\Users\‰¿¡§\.jdks\corretto-1.8.0_362\jre\lib\ext\access-bridge-64.jar;C:\Users\‰¿¡§\.jdks\corretto-1.8.0_362\jre\lib\ext\cldrdata.jar;C:\Users\‰¿¡§\.jdks\corretto-1.8.0_362\jre\lib\ext\dnsns.jar;C:\Users\‰¿¡§\.jdks\corretto-1.8.0_362\jre\lib\ext\jaccess.jar;C:\Users\‰¿¡§\.jdks\corretto-1.8.0_362\jre\lib\ext\jfxrt.jar;C:\Users\‰¿¡§\.jdks\corretto-1.8.0_362\jre\lib\ext\localedata.jar;C:\Users\‰¿¡§\.jdks\corretto-1.8.0_362\jre\lib\ext\nashorn.jar;C:\Users\‰¿¡§\.jdks\corretto-1.8.0_362\jre\lib\ext\sunec.jar;C:\Users\‰¿¡§\.jdks\corretto-1.8.0_362\jre\lib\ext\sunjce_provider.jar;C:\Users\‰¿¡§\.jdks\corretto-1.8.0_362\jre\lib\ext\sunmscapi.jar;C:\Users\‰¿¡§\.jdks\corretto-1.8.0_362\jre\lib\ext\sunpkcs11.jar;C:\Users\‰¿¡§\.jdks\corretto-1.8.0_362\jre\lib\ext\zipfs.jar;C:\Users\‰¿¡§\.jdks\corretto-1.8.0_362\jre\lib\jce.jar;C:\Users\‰¿¡§\.jdks\corretto-1.8.0_362\jre\lib\jfr.jar;C:\Users\‰¿¡§\.jdks\corretto-1.8.0_362\jre\lib\jfxswt.jar;C:\Users\‰¿¡§\.jdks\corretto-1.8.0_362\jre\lib\jsse.jar;C:\Users\‰¿¡§\.jdks\corretto-1.8.0_362\jre\lib\management-agent.jar;C:\Users\‰¿¡§\.jdks\corretto-1.8.0_362\jre\lib\resources.jar;C:\Users\‰¿¡§\.jdks\corretto-1.8.0_362\jre\lib\rt.jar;E:\IdeaProjects\uml_work\target\test-classes;E:\IdeaProjects\uml_work
Launcher Type: SUN_STANDARD

Environment Variables:
JAVA_HOME=E:\Java\jdk19
CLASSPATH=.;E:\Java\jdk19\lib\dt.jar;E:\Java\jdk19\lib\tools.jar
PATH=D:\py_path\Scripts\;D:\py_path\;C:\Windows\system32\config\systemprofile\AppData\Local\Microsoft\WindowsApps;C:\Users\‰¿¡§\AppData\Roaming\npm;D:\lua\lua_cov\bin;%IntelliJ IDEA Community Edition%;C:\Program Files\Azure Data Studio\bin;E:\Microsoft VS Code\bin;%CLion%;%MAVEN_HOME%\bin;E:\Java\jdk19\bin;C:\Windows\System32;E:\apache-tomcat-9.0.73\lib;E:\apache-tomcat-9.0.73\lib\servlet-api.jar;E:\apache-tomcat-9.0.73\lib\jsp-api.jar;D:\py_path\Scripts\;D:\py_path\;C:\Users\‰¿¡§\AppData\Local\Microsoft\WindowsApps;D:\lua\lua_cov\bin;E:\JetBrains\IntelliJ IDEA Community Edition 2022.2.1\bin;;C:\Program Files\Azure Data Studio\bin;E:\Microsoft VS Code\bin;E:\clion\CLion 2022.2.4\bin;;E:\apache-maven-3.6.1\bin;
USERNAME=‰¿¡§
OS=Windows_NT
PROCESSOR_IDENTIFIER=Intel64 Family 6 Model 142 Stepping 12, GenuineIntel



---------------  S Y S T E M  ---------------

OS: Windows 10 , 64 bit Build 17763 (10.0.17763.4131)

CPU:total 8 (initial active 8) (4 cores per cpu, 2 threads per core) family 6 model 142 stepping 12, cmov, cx8, fxsr, mmx, sse, sse2, sse3, ssse3, sse4.1, sse4.2, popcnt, avx, avx2, aes, clmul, erms, 3dnowpref, lzcnt, ht, tsc, tscinvbit, bmi1, bmi2, adx

Memory: 4k page, physical 8230644k(412204k free), swap 18716400k(5640k free)

vm_info: OpenJDK 64-Bit Server VM (25.362-b08) for windows-amd64 JRE (1.8.0_362-b08), built on Jan 13 2023 13:30:12 by "Administrator" with MS VC++ 12.0 (VS2013)

time: Thu Apr 06 20:45:49 2023
timezone: ÷–π˙±Í◊º ±º‰
elapsed time: 3.053094 seconds (0d 0h 0m 3s)

